<?xml version="1.0" encoding="UTF-8"?><testsuite errors="0" failures="1" name="SerenityInitialTest2" skipped="0" tests="1" time="7.04" timestamp="2020-04-22 11:01:34"><testcase classname="SerenityInitialTest2" name="Encryption"><failure message="Validate Object property IDCLIEN&#10;Expected: hasProperty(&quot;idClient&quot;, &quot;1df8542a-b3ae-4e5b-a79d-97b624f74c23&quot;)&#10;     but: property 'idClient' was &quot;0df8542a-b3ae-4e5b-a79d-97b624f74c23&quot;" type="java.lang.AssertionError">Validate Object property IDCLIEN
Expected: hasProperty("idClient", "1df8542a-b3ae-4e5b-a79d-97b624f74c23")
     but: property 'idClient' was "0df8542a-b3ae-4e5b-a79d-97b624f74c23"</failure><system-err>Validate Object property IDCLIEN
Expected: hasProperty("idClient", "1df8542a-b3ae-4e5b-a79d-97b624f74c23")
     but: property 'idClient' was "0df8542a-b3ae-4e5b-a79d-97b624f74c23"
SerenityInitialTest2.encryption(SerenityInitialTest2.java:105)
</system-err></testcase></testsuite>